#
# There is insufficient memory for the Java Runtime Environment to continue.
# Native memory allocation (mmap) failed to map 141557760 bytes for committing reserved memory.
# Possible reasons:
#   The system is out of physical RAM or swap space
#   In 32 bit mode, the process size limit was hit
# Possible solutions:
#   Reduce memory load on the system
#   Increase physical memory or swap space
#   Check if swap backing store is full
#   Use 64 bit Java on a 64 bit OS
#   Decrease Java heap size (-Xmx/-Xms)
#   Decrease number of Java threads
#   Decrease Java thread stack sizes (-Xss)
#   Set larger code cache with -XX:ReservedCodeCacheSize=
# This output file may be truncated or incomplete.
#
#  Out of Memory Error (os_linux.cpp:2627), pid=13482, tid=0x00007fe294311700
#
# JRE version: Java(TM) SE Runtime Environment (8.0_92-b14) (build 1.8.0_92-b14)
# Java VM: Java HotSpot(TM) 64-Bit Server VM (25.92-b14 mixed mode linux-amd64 compressed oops)
# Failed to write core dump. Core dumps have been disabled. To enable core dumping, try "ulimit -c unlimited" before starting Java again
#

---------------  T H R E A D  ---------------

Current thread (0x00007fe2a8077800):  VMThread [stack: 0x00007fe294211000,0x00007fe294312000] [id=13490]

Stack: [0x00007fe294211000,0x00007fe294312000],  sp=0x00007fe294310020,  free space=1020k
Native frames: (J=compiled Java code, j=interpreted, Vv=VM code, C=native code)
V  [libjvm.so+0xabd65a]  VMError::report_and_die()+0x2ba
V  [libjvm.so+0x4fb4db]  report_vm_out_of_memory(char const*, int, unsigned long, VMErrorType, char const*)+0x8b
V  [libjvm.so+0x91d713]  os::Linux::commit_memory_impl(char*, unsigned long, bool)+0x103
V  [libjvm.so+0x91dc69]  os::pd_commit_memory(char*, unsigned long, unsigned long, bool)+0x29
V  [libjvm.so+0x917f6a]  os::commit_memory(char*, unsigned long, unsigned long, bool)+0x2a
V  [libjvm.so+0x98c343]  PSVirtualSpace::expand_by(unsigned long)+0x53
V  [libjvm.so+0x98d748]  PSYoungGen::resize_generation(unsigned long, unsigned long)+0xf8
V  [libjvm.so+0x98c8a2]  PSYoungGen::resize(unsigned long, unsigned long)+0x22
V  [libjvm.so+0x989b7b]  PSScavenge::invoke_no_policy()+0xf3b
V  [libjvm.so+0x98a301]  PSScavenge::invoke()+0x41
V  [libjvm.so+0x941410]  ParallelScavengeHeap::failed_mem_allocate(unsigned long)+0x70
V  [libjvm.so+0xabf077]  VM_ParallelGCFailedAllocation::doit()+0x97
V  [libjvm.so+0xac6aa5]  VM_Operation::evaluate()+0x55
V  [libjvm.so+0xac4e7a]  VMThread::evaluate_operation(VM_Operation*)+0xba
V  [libjvm.so+0xac51fe]  VMThread::loop()+0x1ce
V  [libjvm.so+0xac5670]  VMThread::run()+0x70
V  [libjvm.so+0x91fad8]  java_start(Thread*)+0x108

VM_Operation (0x00007fe27ee36980): ParallelGCFailedAllocation, mode: safepoint, requested by thread 0x00007fe2a8144800


---------------  P R O C E S S  ---------------

Java Threads: ( => current thread )
  0x00007fe2a8144800 JavaThread "pool-2-thread-2" [_thread_blocked, id=13534, stack(0x00007fe27ed38000,0x00007fe27ee39000)]
  0x00007fe2a8143000 JavaThread "pool-3-thread-1" [_thread_blocked, id=13533, stack(0x00007fe27ee39000,0x00007fe27ef3a000)]
  0x00007fe2a80c0000 JavaThread "Service Thread" daemon [_thread_blocked, id=13498, stack(0x00007fe27f13c000,0x00007fe27f23d000)]
  0x00007fe2a80bd000 JavaThread "C1 CompilerThread2" daemon [_thread_blocked, id=13497, stack(0x00007fe27f23d000,0x00007fe27f33e000)]
  0x00007fe2a80bb800 JavaThread "C2 CompilerThread1" daemon [_thread_in_native, id=13496, stack(0x00007fe27f33e000,0x00007fe27f43f000)]
  0x00007fe2a80b8800 JavaThread "C2 CompilerThread0" daemon [_thread_blocked, id=13495, stack(0x00007fe27f43f000,0x00007fe27f540000)]
  0x00007fe2a80b7000 JavaThread "Signal Dispatcher" daemon [_thread_blocked, id=13494, stack(0x00007fe27f540000,0x00007fe27f641000)]
  0x00007fe2a8084000 JavaThread "Finalizer" daemon [_thread_blocked, id=13492, stack(0x00007fe29400f000,0x00007fe294110000)]
  0x00007fe2a807f800 JavaThread "Reference Handler" daemon [_thread_blocked, id=13491, stack(0x00007fe294110000,0x00007fe294211000)]
  0x00007fe2a800a000 JavaThread "main" [_thread_blocked, id=13483, stack(0x00007fe2ae8e9000,0x00007fe2ae9ea000)]

Other Threads:
=>0x00007fe2a8077800 VMThread [stack: 0x00007fe294211000,0x00007fe294312000] [id=13490]
  0x00007fe2a80c3000 WatcherThread [stack: 0x00007fe27f03b000,0x00007fe27f13c000] [id=13500]

VM state:at safepoint (normal execution)

VM Mutex/Monitor currently owned by a thread:  ([mutex/lock_event])
[0x00007fe2a80064a0] Threads_lock - owner thread: 0x00007fe2a8077800
[0x00007fe2a80069a0] Heap_lock - owner thread: 0x00007fe2a8144800

Heap:
 PSYoungGen      total 135680K, used 13798K [0x00000000eab00000, 0x00000000f3e00000, 0x0000000100000000)
  eden space 121856K, 0% used [0x00000000eab00000,0x00000000eab00000,0x00000000f2200000)
  from space 13824K, 99% used [0x00000000f2200000,0x00000000f2f798c8,0x00000000f2f80000)
  to   space 12800K, 0% used [0x00000000f2f80000,0x00000000f2f80000,0x00000000f3c00000)
 ParOldGen       total 40960K, used 34315K [0x00000000c0000000, 0x00000000c2800000, 0x00000000eab00000)
  object space 40960K, 83% used [0x00000000c0000000,0x00000000c2182cf0,0x00000000c2800000)
 Metaspace       used 6375K, capacity 7192K, committed 7424K, reserved 1056768K
  class space    used 615K, capacity 656K, committed 768K, reserved 1048576K

Card table byte_map: [0x00007fe298406000,0x00007fe298607000] byte_map_base: 0x00007fe297e06000

Marking Bits: (ParMarkBitMap*) 0x00007fe2addbb4c0
 Begin Bits: [0x00007fe295eac000, 0x00007fe296eac000)
 End Bits:   [0x00007fe296eac000, 0x00007fe297eac000)

Polling page: 0x00007fe2aea0a000

CodeCache: size=245760Kb used=6701Kb max_used=6701Kb free=239058Kb
 bounds [0x00007fe2989c7000, 0x00007fe299057000, 0x00007fe2a79c7000]
 total_blobs=2114 nmethods=1845 adapters=182
 compilation: enabled

Compilation events (10 events):
Event: 13,941 Thread 0x00007fe2a80bd000 2171   !   2       com.android.dx.cf.code.ExecutionStack::change (116 bytes)
Event: 13,943 Thread 0x00007fe2a80bd000 nmethod 2171 0x00007fe299041210 code [0x00007fe2990414a0, 0x00007fe299041f18]
Event: 14,295 Thread 0x00007fe2a80bd000 2173       2       com.android.dx.ssa.back.RegisterAllocator::insertMoveBefore (240 bytes)
Event: 14,299 Thread 0x00007fe2a80bd000 nmethod 2173 0x00007fe299042850 code [0x00007fe299042b60, 0x00007fe299043b08]
Event: 14,304 Thread 0x00007fe2a80bd000 2174 %     3       com.android.dx.ssa.back.FirstFitLocalCombiningAllocator::getLocalItemForReg @ 48 (97 bytes)
Event: 14,305 Thread 0x00007fe2a80bd000 nmethod 2174% 0x00007fe299045250 code [0x00007fe2990454c0, 0x00007fe2990464f8]
Event: 14,305 Thread 0x00007fe2a80bd000 2175       3       com.android.dx.ssa.back.FirstFitLocalCombiningAllocator::getLocalItemForReg (97 bytes)
Event: 14,307 Thread 0x00007fe2a80bd000 nmethod 2175 0x00007fe299046ad0 code [0x00007fe299046d20, 0x00007fe299047c98]
Event: 14,377 Thread 0x00007fe2a80bd000 2176       2       com.android.dx.ssa.back.FirstFitLocalCombiningAllocator::ssaSetToSpecs (57 bytes)
Event: 14,378 Thread 0x00007fe2a80bd000 nmethod 2176 0x00007fe299048210 code [0x00007fe299048420, 0x00007fe299048c38]

GC Heap History (10 events):
Event: 3,010 GC heap after
Heap after GC invocations=2 (full 0):
 PSYoungGen      total 33280K, used 2541K [0x00000000eab00000, 0x00000000ece00000, 0x0000000100000000)
  eden space 30720K, 0% used [0x00000000eab00000,0x00000000eab00000,0x00000000ec900000)
  from space 2560K, 99% used [0x00000000ecb80000,0x00000000ecdfb778,0x00000000ece00000)
  to   space 2560K, 0% used [0x00000000ec900000,0x00000000ec900000,0x00000000ecb80000)
 ParOldGen       total 40960K, used 2753K [0x00000000c0000000, 0x00000000c2800000, 0x00000000eab00000)
  object space 40960K, 6% used [0x00000000c0000000,0x00000000c02b0430,0x00000000c2800000)
 Metaspace       used 5808K, capacity 6768K, committed 7040K, reserved 1056768K
  class space    used 593K, capacity 616K, committed 640K, reserved 1048576K
}
Event: 4,602 GC heap before
{Heap before GC invocations=3 (full 0):
 PSYoungGen      total 33280K, used 33261K [0x00000000eab00000, 0x00000000ece00000, 0x0000000100000000)
  eden space 30720K, 100% used [0x00000000eab00000,0x00000000ec900000,0x00000000ec900000)
  from space 2560K, 99% used [0x00000000ecb80000,0x00000000ecdfb778,0x00000000ece00000)
  to   space 2560K, 0% used [0x00000000ec900000,0x00000000ec900000,0x00000000ecb80000)
 ParOldGen       total 40960K, used 2753K [0x00000000c0000000, 0x00000000c2800000, 0x00000000eab00000)
  object space 40960K, 6% used [0x00000000c0000000,0x00000000c02b0430,0x00000000c2800000)
 Metaspace       used 5907K, capacity 6896K, committed 7040K, reserved 1056768K
  class space    used 593K, capacity 616K, committed 640K, reserved 1048576K
Event: 4,640 GC heap after
Heap after GC invocations=3 (full 0):
 PSYoungGen      total 33280K, used 2560K [0x00000000eab00000, 0x00000000eec00000, 0x0000000100000000)
  eden space 30720K, 0% used [0x00000000eab00000,0x00000000eab00000,0x00000000ec900000)
  from space 2560K, 100% used [0x00000000ec900000,0x00000000ecb80000,0x00000000ecb80000)
  to   space 2560K, 0% used [0x00000000ee980000,0x00000000ee980000,0x00000000eec00000)
 ParOldGen       total 40960K, used 7433K [0x00000000c0000000, 0x00000000c2800000, 0x00000000eab00000)
  object space 40960K, 18% used [0x00000000c0000000,0x00000000c07427e8,0x00000000c2800000)
 Metaspace       used 5907K, capacity 6896K, committed 7040K, reserved 1056768K
  class space    used 593K, capacity 616K, committed 640K, reserved 1048576K
}
Event: 5,638 GC heap before
{Heap before GC invocations=4 (full 0):
 PSYoungGen      total 33280K, used 33280K [0x00000000eab00000, 0x00000000eec00000, 0x0000000100000000)
  eden space 30720K, 100% used [0x00000000eab00000,0x00000000ec900000,0x00000000ec900000)
  from space 2560K, 100% used [0x00000000ec900000,0x00000000ecb80000,0x00000000ecb80000)
  to   space 2560K, 0% used [0x00000000ee980000,0x00000000ee980000,0x00000000eec00000)
 ParOldGen       total 40960K, used 7433K [0x00000000c0000000, 0x00000000c2800000, 0x00000000eab00000)
  object space 40960K, 18% used [0x00000000c0000000,0x00000000c07427e8,0x00000000c2800000)
 Metaspace       used 5960K, capacity 6960K, committed 7040K, reserved 1056768K
  class space    used 593K, capacity 616K, committed 640K, reserved 1048576K
Event: 5,733 GC heap after
Heap after GC invocations=4 (full 0):
 PSYoungGen      total 64000K, used 2528K [0x00000000eab00000, 0x00000000eec00000, 0x0000000100000000)
  eden space 61440K, 0% used [0x00000000eab00000,0x00000000eab00000,0x00000000ee700000)
  from space 2560K, 98% used [0x00000000ee980000,0x00000000eebf8020,0x00000000eec00000)
  to   space 2560K, 0% used [0x00000000ee700000,0x00000000ee700000,0x00000000ee980000)
 ParOldGen       total 40960K, used 12179K [0x00000000c0000000, 0x00000000c2800000, 0x00000000eab00000)
  object space 40960K, 29% used [0x00000000c0000000,0x00000000c0be4d10,0x00000000c2800000)
 Metaspace       used 5960K, capacity 6960K, committed 7040K, reserved 1056768K
  class space    used 593K, capacity 616K, committed 640K, reserved 1048576K
}
Event: 7,224 GC heap before
{Heap before GC invocations=5 (full 0):
 PSYoungGen      total 64000K, used 63968K [0x00000000eab00000, 0x00000000eec00000, 0x0000000100000000)
  eden space 61440K, 100% used [0x00000000eab00000,0x00000000ee700000,0x00000000ee700000)
  from space 2560K, 98% used [0x00000000ee980000,0x00000000eebf8020,0x00000000eec00000)
  to   space 2560K, 0% used [0x00000000ee700000,0x00000000ee700000,0x00000000ee980000)
 ParOldGen       total 40960K, used 12179K [0x00000000c0000000, 0x00000000c2800000, 0x00000000eab00000)
  object space 40960K, 29% used [0x00000000c0000000,0x00000000c0be4d10,0x00000000c2800000)
 Metaspace       used 6030K, capacity 7024K, committed 7296K, reserved 1056768K
  class space    used 594K, capacity 616K, committed 640K, reserved 1048576K
Event: 7,603 GC heap after
Heap after GC invocations=5 (full 0):
 PSYoungGen      total 64000K, used 2559K [0x00000000eab00000, 0x00000000f3c00000, 0x0000000100000000)
  eden space 61440K, 0% used [0x00000000eab00000,0x00000000eab00000,0x00000000ee700000)
  from space 2560K, 99% used [0x00000000ee700000,0x00000000ee97ff98,0x00000000ee980000)
  to   space 12800K, 0% used [0x00000000f2f80000,0x00000000f2f80000,0x00000000f3c00000)
 ParOldGen       total 40960K, used 21656K [0x00000000c0000000, 0x00000000c2800000, 0x00000000eab00000)
  object space 40960K, 52% used [0x00000000c0000000,0x00000000c1526310,0x00000000c2800000)
 Metaspace       used 6030K, capacity 7024K, committed 7296K, reserved 1056768K
  class space    used 594K, capacity 616K, committed 640K, reserved 1048576K
}
Event: 10,047 GC heap before
{Heap before GC invocations=6 (full 0):
 PSYoungGen      total 64000K, used 63999K [0x00000000eab00000, 0x00000000f3c00000, 0x0000000100000000)
  eden space 61440K, 100% used [0x00000000eab00000,0x00000000ee700000,0x00000000ee700000)
  from space 2560K, 99% used [0x00000000ee700000,0x00000000ee97ff98,0x00000000ee980000)
  to   space 12800K, 0% used [0x00000000f2f80000,0x00000000f2f80000,0x00000000f3c00000)
 ParOldGen       total 40960K, used 21656K [0x00000000c0000000, 0x00000000c2800000, 0x00000000eab00000)
  object space 40960K, 52% used [0x00000000c0000000,0x00000000c1526310,0x00000000c2800000)
 Metaspace       used 6259K, capacity 7128K, committed 7424K, reserved 1056768K
  class space    used 614K, capacity 656K, committed 768K, reserved 1048576K
Event: 10,239 GC heap after
Heap after GC invocations=6 (full 0):
 PSYoungGen      total 134656K, used 10396K [0x00000000eab00000, 0x00000000f3e00000, 0x0000000100000000)
  eden space 121856K, 0% used [0x00000000eab00000,0x00000000eab00000,0x00000000f2200000)
  from space 12800K, 81% used [0x00000000f2f80000,0x00000000f39a70f0,0x00000000f3c00000)
  to   space 13824K, 0% used [0x00000000f2200000,0x00000000f2200000,0x00000000f2f80000)
 ParOldGen       total 40960K, used 21656K [0x00000000c0000000, 0x00000000c2800000, 0x00000000eab00000)
  object space 40960K, 52% used [0x00000000c0000000,0x00000000c1526310,0x00000000c2800000)
 Metaspace       used 6259K, capacity 7128K, committed 7424K, reserved 1056768K
  class space    used 614K, capacity 656K, committed 768K, reserved 1048576K
}
Event: 14,548 GC heap before
{Heap before GC invocations=7 (full 0):
 PSYoungGen      total 134656K, used 132252K [0x00000000eab00000, 0x00000000f3e00000, 0x0000000100000000)
  eden space 121856K, 100% used [0x00000000eab00000,0x00000000f2200000,0x00000000f2200000)
  from space 12800K, 81% used [0x00000000f2f80000,0x00000000f39a70f0,0x00000000f3c00000)
  to   space 13824K, 0% used [0x00000000f2200000,0x00000000f2200000,0x00000000f2f80000)
 ParOldGen       total 40960K, used 21656K [0x00000000c0000000, 0x00000000c2800000, 0x00000000eab00000)
  object space 40960K, 52% used [0x00000000c0000000,0x00000000c1526310,0x00000000c2800000)
 Metaspace       used 6375K, capacity 7192K, committed 7424K, reserved 1056768K
  class space    used 615K, capacity 656K, committed 768K, reserved 1048576K

Deoptimization events (10 events):
Event: 8,007 Thread 0x00007fe2a800a000 Uncommon trap: reason=unstable_if action=reinterpret pc=0x00007fe298c4c184 method=java.util.HashMap.putVal(ILjava/lang/Object;Ljava/lang/Object;ZZ)Ljava/lang/Object; @ 162
Event: 8,212 Thread 0x00007fe2a800a000 Uncommon trap: reason=unstable_if action=reinterpret pc=0x00007fe298bd7a34 method=java.util.HashMap.getNode(ILjava/lang/Object;)Ljava/util/HashMap$Node; @ 84
Event: 8,273 Thread 0x00007fe2a800a000 Uncommon trap: reason=unstable_if action=reinterpret pc=0x00007fe298d44c94 method=java.util.HashMap.putVal(ILjava/lang/Object;Ljava/lang/Object;ZZ)Ljava/lang/Object; @ 162
Event: 9,362 Thread 0x00007fe2a800a000 Uncommon trap: reason=bimorphic action=maybe_recompile pc=0x00007fe298f20f38 method=com.android.dx.cf.code.BytecodeArray.parseInstruction(ILcom/android/dx/cf/code/BytecodeArray$Visitor;)I @ 1130
Event: 9,363 Thread 0x00007fe2a800a000 Uncommon trap: reason=bimorphic action=maybe_recompile pc=0x00007fe298f20f38 method=com.android.dx.cf.code.BytecodeArray.parseInstruction(ILcom/android/dx/cf/code/BytecodeArray$Visitor;)I @ 1130
Event: 9,425 Thread 0x00007fe2a800a000 Uncommon trap: reason=bimorphic action=maybe_recompile pc=0x00007fe298f20bb0 method=com.android.dx.cf.code.BytecodeArray.parseInstruction(ILcom/android/dx/cf/code/BytecodeArray$Visitor;)I @ 955
Event: 9,425 Thread 0x00007fe2a800a000 Uncommon trap: reason=bimorphic action=maybe_recompile pc=0x00007fe298f20bb0 method=com.android.dx.cf.code.BytecodeArray.parseInstruction(ILcom/android/dx/cf/code/BytecodeArray$Visitor;)I @ 955
Event: 10,247 Thread 0x00007fe2a8140800 Uncommon trap: reason=unstable_if action=reinterpret pc=0x00007fe298ebb5c0 method=com.android.dx.ssa.MoveParamCombiner$1.visitNonMoveInsn(Lcom/android/dx/ssa/NormalSsaInsn;)V @ 27
Event: 11,965 Thread 0x00007fe2a8146000 Uncommon trap: reason=unstable_if action=reinterpret pc=0x00007fe298cd36c8 method=com.android.dx.dex.code.OutputFinisher.hasLocalInfo(Lcom/android/dx/dex/code/DalvInsn;)Z @ 24
Event: 12,719 Thread 0x00007fe2a8146000 Uncommon trap: reason=unstable_if action=reinterpret pc=0x00007fe298f7c458 method=java.util.HashMap.putVal(ILjava/lang/Object;Ljava/lang/Object;ZZ)Ljava/lang/Object; @ 109

Internal exceptions (5 events):
Event: 0,058 Thread 0x00007fe2a800a000 Exception <a 'java/lang/NoSuchMethodError': Method sun.misc.Unsafe.defineClass(Ljava/lang/String;[BII)Ljava/lang/Class; name or signature does not match> (0x00000000eab07cc0) thrown at [/HUDSON/workspace/8-2-build-linux-amd64/jdk8u92/6642/hotspot/src/shar
Event: 0,058 Thread 0x00007fe2a800a000 Exception <a 'java/lang/NoSuchMethodError': Method sun.misc.Unsafe.prefetchRead(Ljava/lang/Object;J)V name or signature does not match> (0x00000000eab07fa8) thrown at [/HUDSON/workspace/8-2-build-linux-amd64/jdk8u92/6642/hotspot/src/share/vm/prims/jni.cpp
Event: 8,036 Thread 0x00007fe2a800a000 Exception <a 'java/lang/ArrayIndexOutOfBoundsException': 18> (0x00000000ebac2930) thrown at [/HUDSON/workspace/8-2-build-linux-amd64/jdk8u92/6642/hotspot/src/share/vm/interpreter/interpreterRuntime.cpp, line 366]
Event: 8,037 Thread 0x00007fe2a800a000 Exception <a 'java/lang/ArrayIndexOutOfBoundsException': 145> (0x00000000ebac44b0) thrown at [/HUDSON/workspace/8-2-build-linux-amd64/jdk8u92/6642/hotspot/src/share/vm/interpreter/interpreterRuntime.cpp, line 366]
Event: 8,058 Thread 0x00007fe2a800a000 Exception <a 'java/lang/ArrayIndexOutOfBoundsException': 40> (0x00000000ebac5798) thrown at [/HUDSON/workspace/8-2-build-linux-amd64/jdk8u92/6642/hotspot/src/share/vm/interpreter/interpreterRuntime.cpp, line 366]

Events (10 events):
Event: 13,748 Thread 0x00007fe2a8140800 Thread exited: 0x00007fe2a8140800
Event: 13,756 Thread 0x00007fe2a8147800 Thread exited: 0x00007fe2a8147800
Event: 14,027 Thread 0x00007fe2a8146000 Thread exited: 0x00007fe2a8146000
Event: 14,064 Thread 0x00007fe2a8144800 DEOPT PACKING pc=0x00007fe298c7ca8d sp=0x00007fe27ee36e00
Event: 14,064 Thread 0x00007fe2a8144800 DEOPT UNPACKING pc=0x00007fe298a0e233 sp=0x00007fe27ee36b90 mode 0
Event: 14,307 Thread 0x00007fe2a8144800 DEOPT PACKING pc=0x00007fe298eeb0d8 sp=0x00007fe27ee36be0
Event: 14,307 Thread 0x00007fe2a8144800 DEOPT UNPACKING pc=0x00007fe298a0e233 sp=0x00007fe27ee36980 mode 0
Event: 14,485 Thread 0x00007fe2a8144800 DEOPT PACKING pc=0x00007fe298c7ca8d sp=0x00007fe27ee36e00
Event: 14,485 Thread 0x00007fe2a8144800 DEOPT UNPACKING pc=0x00007fe298a0e233 sp=0x00007fe27ee36b90 mode 0
Event: 14,548 Executing VM operation: ParallelGCFailedAllocation


Dynamic libraries:
00400000-00401000 r-xp 00000000 08:01 3151216                            /opt/jdk/jdk1.8.0_92/bin/java
00600000-00601000 rw-p 00000000 08:01 3151216                            /opt/jdk/jdk1.8.0_92/bin/java
01ba3000-01bc4000 rw-p 00000000 00:00 0                                  [heap]
c0000000-c2800000 rw-p 00000000 00:00 0 
c2800000-eab00000 ---p 00000000 00:00 0 
eab00000-f3e00000 rw-p 00000000 00:00 0 
fc500000-100000000 ---p 00000000 00:00 0 
100000000-1000c0000 rw-p 00000000 00:00 0 
1000c0000-140000000 ---p 00000000 00:00 0 
7fe244000000-7fe244022000 rw-p 00000000 00:00 0 
7fe244022000-7fe248000000 ---p 00000000 00:00 0 
7fe24c000000-7fe24c02d000 rw-p 00000000 00:00 0 
7fe24c02d000-7fe250000000 ---p 00000000 00:00 0 
7fe250000000-7fe250021000 rw-p 00000000 00:00 0 
7fe250021000-7fe254000000 ---p 00000000 00:00 0 
7fe254000000-7fe25402e000 rw-p 00000000 00:00 0 
7fe25402e000-7fe258000000 ---p 00000000 00:00 0 
7fe258000000-7fe258021000 rw-p 00000000 00:00 0 
7fe258021000-7fe25c000000 ---p 00000000 00:00 0 
7fe25c000000-7fe25c021000 rw-p 00000000 00:00 0 
7fe25c021000-7fe260000000 ---p 00000000 00:00 0 
7fe260000000-7fe260021000 rw-p 00000000 00:00 0 
7fe260021000-7fe264000000 ---p 00000000 00:00 0 
7fe264000000-7fe264bf4000 rw-p 00000000 00:00 0 
7fe264bf4000-7fe268000000 ---p 00000000 00:00 0 
7fe268000000-7fe268928000 rw-p 00000000 00:00 0 
7fe268928000-7fe26c000000 ---p 00000000 00:00 0 
7fe26c000000-7fe26c021000 rw-p 00000000 00:00 0 
7fe26c021000-7fe270000000 ---p 00000000 00:00 0 
7fe270000000-7fe270fc8000 rw-p 00000000 00:00 0 
7fe270fc8000-7fe274000000 ---p 00000000 00:00 0 
7fe274000000-7fe274021000 rw-p 00000000 00:00 0 
7fe274021000-7fe278000000 ---p 00000000 00:00 0 
7fe278000000-7fe278021000 rw-p 00000000 00:00 0 
7fe278021000-7fe27c000000 ---p 00000000 00:00 0 
7fe27eb15000-7fe27eb36000 r--p 00000000 08:01 3674327                    /usr/share/locale-langpack/pt_BR/LC_MESSAGES/libc.mo
7fe27eb36000-7fe27eb39000 ---p 00000000 00:00 0 
7fe27eb39000-7fe27ec37000 rw-p 00000000 00:00 0 
7fe27ec37000-7fe27ec3a000 ---p 00000000 00:00 0 
7fe27ec3a000-7fe27ed38000 rw-p 00000000 00:00 0 
7fe27ed38000-7fe27ed3b000 ---p 00000000 00:00 0 
7fe27ed3b000-7fe27ee39000 rw-p 00000000 00:00 0 
7fe27ee39000-7fe27ee3c000 ---p 00000000 00:00 0 
7fe27ee3c000-7fe27ef3a000 rw-p 00000000 00:00 0 
7fe27ef3a000-7fe27ef3d000 ---p 00000000 00:00 0 
7fe27ef3d000-7fe27f03b000 rw-p 00000000 00:00 0 
7fe27f03b000-7fe27f03c000 ---p 00000000 00:00 0 
7fe27f03c000-7fe27f13c000 rw-p 00000000 00:00 0 
7fe27f13c000-7fe27f13f000 ---p 00000000 00:00 0 
7fe27f13f000-7fe27f23d000 rw-p 00000000 00:00 0 
7fe27f23d000-7fe27f240000 ---p 00000000 00:00 0 
7fe27f240000-7fe27f33e000 rw-p 00000000 00:00 0 
7fe27f33e000-7fe27f341000 ---p 00000000 00:00 0 
7fe27f341000-7fe27f43f000 rw-p 00000000 00:00 0 
7fe27f43f000-7fe27f442000 ---p 00000000 00:00 0 
7fe27f442000-7fe27f540000 rw-p 00000000 00:00 0 
7fe27f540000-7fe27f543000 ---p 00000000 00:00 0 
7fe27f543000-7fe27f641000 rw-p 00000000 00:00 0 
7fe27f641000-7fe280000000 r--p 00000000 08:01 2760071                    /usr/lib/locale/locale-archive
7fe280000000-7fe280021000 rw-p 00000000 00:00 0 
7fe280021000-7fe284000000 ---p 00000000 00:00 0 
7fe284000000-7fe284290000 rw-p 00000000 00:00 0 
7fe284290000-7fe288000000 ---p 00000000 00:00 0 
7fe288000000-7fe288021000 rw-p 00000000 00:00 0 
7fe288021000-7fe28c000000 ---p 00000000 00:00 0 
7fe28c000000-7fe28c021000 rw-p 00000000 00:00 0 
7fe28c021000-7fe290000000 ---p 00000000 00:00 0 
7fe290000000-7fe290021000 rw-p 00000000 00:00 0 
7fe290021000-7fe294000000 ---p 00000000 00:00 0 
7fe29400f000-7fe294012000 ---p 00000000 00:00 0 
7fe294012000-7fe294110000 rw-p 00000000 00:00 0 
7fe294110000-7fe294113000 ---p 00000000 00:00 0 
7fe294113000-7fe294211000 rw-p 00000000 00:00 0 
7fe294211000-7fe294212000 ---p 00000000 00:00 0 
7fe294212000-7fe2952d3000 rw-p 00000000 00:00 0 
7fe2952d3000-7fe2954ac000 r--s 03d24000 08:01 3288343                    /opt/jdk/jdk1.8.0_92/jre/lib/rt.jar
7fe2954ac000-7fe295b2c000 rw-p 00000000 00:00 0 
7fe295b2c000-7fe295cac000 ---p 00000000 00:00 0 
7fe295cac000-7fe297eac000 rw-p 00000000 00:00 0 
7fe297eac000-7fe297ead000 ---p 00000000 00:00 0 
7fe297ead000-7fe297fad000 rw-p 00000000 00:00 0 
7fe297fad000-7fe297fae000 ---p 00000000 00:00 0 
7fe297fae000-7fe2980ae000 rw-p 00000000 00:00 0 
7fe2980ae000-7fe2980af000 ---p 00000000 00:00 0 
7fe2980af000-7fe2981af000 rw-p 00000000 00:00 0 
7fe2981af000-7fe2981b0000 ---p 00000000 00:00 0 
7fe2981b0000-7fe2982c4000 rw-p 00000000 00:00 0 
7fe2982c4000-7fe298406000 ---p 00000000 00:00 0 
7fe298406000-7fe29841a000 rw-p 00000000 00:00 0 
7fe29841a000-7fe29855b000 ---p 00000000 00:00 0 
7fe29855b000-7fe2985a5000 rw-p 00000000 00:00 0 
7fe2985a5000-7fe298606000 ---p 00000000 00:00 0 
7fe298606000-7fe298622000 rw-p 00000000 00:00 0 
7fe298622000-7fe2989c7000 ---p 00000000 00:00 0 
7fe2989c7000-7fe299057000 rwxp 00000000 00:00 0 
7fe299057000-7fe2a79c7000 ---p 00000000 00:00 0 
7fe2a79c7000-7fe2a79e1000 r-xp 00000000 08:01 3288545                    /opt/jdk/jdk1.8.0_92/jre/lib/amd64/libzip.so
7fe2a79e1000-7fe2a7be1000 ---p 0001a000 08:01 3288545                    /opt/jdk/jdk1.8.0_92/jre/lib/amd64/libzip.so
7fe2a7be1000-7fe2a7be2000 rw-p 0001a000 08:01 3288545                    /opt/jdk/jdk1.8.0_92/jre/lib/amd64/libzip.so
7fe2a7be2000-7fe2a7bed000 r-xp 00000000 08:01 6558302                    /lib/x86_64-linux-gnu/libnss_files-2.23.so
7fe2a7bed000-7fe2a7dec000 ---p 0000b000 08:01 6558302                    /lib/x86_64-linux-gnu/libnss_files-2.23.so
7fe2a7dec000-7fe2a7ded000 r--p 0000a000 08:01 6558302                    /lib/x86_64-linux-gnu/libnss_files-2.23.so
7fe2a7ded000-7fe2a7dee000 rw-p 0000b000 08:01 6558302                    /lib/x86_64-linux-gnu/libnss_files-2.23.so
7fe2a7dee000-7fe2a7df4000 rw-p 00000000 00:00 0 
7fe2a7df4000-7fe2a7dff000 r-xp 00000000 08:01 6558312                    /lib/x86_64-linux-gnu/libnss_nis-2.23.so
7fe2a7dff000-7fe2a7ffe000 ---p 0000b000 08:01 6558312                    /lib/x86_64-linux-gnu/libnss_nis-2.23.so
7fe2a7ffe000-7fe2a7fff000 r--p 0000a000 08:01 6558312                    /lib/x86_64-linux-gnu/libnss_nis-2.23.so
7fe2a7fff000-7fe2a8000000 rw-p 0000b000 08:01 6558312                    /lib/x86_64-linux-gnu/libnss_nis-2.23.so
7fe2a8000000-7fe2a8390000 rw-p 00000000 00:00 0 
7fe2a8390000-7fe2ac000000 ---p 00000000 00:00 0 
7fe2ac017000-7fe2ac01e000 r--s 00000000 08:01 3017757                    /usr/lib/x86_64-linux-gnu/gconv/gconv-modules.cache
7fe2ac01e000-7fe2ac094000 rw-p 00000000 00:00 0 
7fe2ac094000-7fe2ac0aa000 r-xp 00000000 08:01 6558296                    /lib/x86_64-linux-gnu/libnsl-2.23.so
7fe2ac0aa000-7fe2ac2a9000 ---p 00016000 08:01 6558296                    /lib/x86_64-linux-gnu/libnsl-2.23.so
7fe2ac2a9000-7fe2ac2aa000 r--p 00015000 08:01 6558296                    /lib/x86_64-linux-gnu/libnsl-2.23.so
7fe2ac2aa000-7fe2ac2ab000 rw-p 00016000 08:01 6558296                    /lib/x86_64-linux-gnu/libnsl-2.23.so
7fe2ac2ab000-7fe2ac2ad000 rw-p 00000000 00:00 0 
7fe2ac2ad000-7fe2ac2b5000 r-xp 00000000 08:01 6558298                    /lib/x86_64-linux-gnu/libnss_compat-2.23.so
7fe2ac2b5000-7fe2ac4b4000 ---p 00008000 08:01 6558298                    /lib/x86_64-linux-gnu/libnss_compat-2.23.so
7fe2ac4b4000-7fe2ac4b5000 r--p 00007000 08:01 6558298                    /lib/x86_64-linux-gnu/libnss_compat-2.23.so
7fe2ac4b5000-7fe2ac4b6000 rw-p 00008000 08:01 6558298                    /lib/x86_64-linux-gnu/libnss_compat-2.23.so
7fe2ac4b6000-7fe2ac4e0000 r-xp 00000000 08:01 3288540                    /opt/jdk/jdk1.8.0_92/jre/lib/amd64/libjava.so
7fe2ac4e0000-7fe2ac6e0000 ---p 0002a000 08:01 3288540                    /opt/jdk/jdk1.8.0_92/jre/lib/amd64/libjava.so
7fe2ac6e0000-7fe2ac6e2000 rw-p 0002a000 08:01 3288540                    /opt/jdk/jdk1.8.0_92/jre/lib/amd64/libjava.so
7fe2ac6e2000-7fe2ac6ef000 r-xp 00000000 08:01 3288544                    /opt/jdk/jdk1.8.0_92/jre/lib/amd64/libverify.so
7fe2ac6ef000-7fe2ac8ef000 ---p 0000d000 08:01 3288544                    /opt/jdk/jdk1.8.0_92/jre/lib/amd64/libverify.so
7fe2ac8ef000-7fe2ac8f1000 rw-p 0000d000 08:01 3288544                    /opt/jdk/jdk1.8.0_92/jre/lib/amd64/libverify.so
7fe2ac8f1000-7fe2ac8f8000 r-xp 00000000 08:01 6558357                    /lib/x86_64-linux-gnu/librt-2.23.so
7fe2ac8f8000-7fe2acaf7000 ---p 00007000 08:01 6558357                    /lib/x86_64-linux-gnu/librt-2.23.so
7fe2acaf7000-7fe2acaf8000 r--p 00006000 08:01 6558357                    /lib/x86_64-linux-gnu/librt-2.23.so
7fe2acaf8000-7fe2acaf9000 rw-p 00007000 08:01 6558357                    /lib/x86_64-linux-gnu/librt-2.23.so
7fe2acaf9000-7fe2acc01000 r-xp 00000000 08:01 6558273                    /lib/x86_64-linux-gnu/libm-2.23.so
7fe2acc01000-7fe2ace00000 ---p 00108000 08:01 6558273                    /lib/x86_64-linux-gnu/libm-2.23.so
7fe2ace00000-7fe2ace01000 r--p 00107000 08:01 6558273                    /lib/x86_64-linux-gnu/libm-2.23.so
7fe2ace01000-7fe2ace02000 rw-p 00108000 08:01 6558273                    /lib/x86_64-linux-gnu/libm-2.23.so
7fe2ace02000-7fe2adac5000 r-xp 00000000 08:01 3288523                    /opt/jdk/jdk1.8.0_92/jre/lib/amd64/server/libjvm.so
7fe2adac5000-7fe2adcc4000 ---p 00cc3000 08:01 3288523                    /opt/jdk/jdk1.8.0_92/jre/lib/amd64/server/libjvm.so
7fe2adcc4000-7fe2add9d000 rw-p 00cc2000 08:01 3288523                    /opt/jdk/jdk1.8.0_92/jre/lib/amd64/server/libjvm.so
7fe2add9d000-7fe2adde8000 rw-p 00000000 00:00 0 
7fe2adde8000-7fe2adfa8000 r-xp 00000000 08:01 6558203                    /lib/x86_64-linux-gnu/libc-2.23.so
7fe2adfa8000-7fe2ae1a7000 ---p 001c0000 08:01 6558203                    /lib/x86_64-linux-gnu/libc-2.23.so
7fe2ae1a7000-7fe2ae1ab000 r--p 001bf000 08:01 6558203                    /lib/x86_64-linux-gnu/libc-2.23.so
7fe2ae1ab000-7fe2ae1ad000 rw-p 001c3000 08:01 6558203                    /lib/x86_64-linux-gnu/libc-2.23.so
7fe2ae1ad000-7fe2ae1b1000 rw-p 00000000 00:00 0 
7fe2ae1b1000-7fe2ae1b4000 r-xp 00000000 08:01 6558227                    /lib/x86_64-linux-gnu/libdl-2.23.so
7fe2ae1b4000-7fe2ae3b3000 ---p 00003000 08:01 6558227                    /lib/x86_64-linux-gnu/libdl-2.23.so
7fe2ae3b3000-7fe2ae3b4000 r--p 00002000 08:01 6558227                    /lib/x86_64-linux-gnu/libdl-2.23.so
7fe2ae3b4000-7fe2ae3b5000 rw-p 00003000 08:01 6558227                    /lib/x86_64-linux-gnu/libdl-2.23.so
7fe2ae3b5000-7fe2ae3ca000 r-xp 00000000 08:01 3287643                    /opt/jdk/jdk1.8.0_92/lib/amd64/jli/libjli.so
7fe2ae3ca000-7fe2ae5ca000 ---p 00015000 08:01 3287643                    /opt/jdk/jdk1.8.0_92/lib/amd64/jli/libjli.so
7fe2ae5ca000-7fe2ae5cb000 rw-p 00015000 08:01 3287643                    /opt/jdk/jdk1.8.0_92/lib/amd64/jli/libjli.so
7fe2ae5cb000-7fe2ae5e3000 r-xp 00000000 08:01 6558349                    /lib/x86_64-linux-gnu/libpthread-2.23.so
7fe2ae5e3000-7fe2ae7e2000 ---p 00018000 08:01 6558349                    /lib/x86_64-linux-gnu/libpthread-2.23.so
7fe2ae7e2000-7fe2ae7e3000 r--p 00017000 08:01 6558349                    /lib/x86_64-linux-gnu/libpthread-2.23.so
7fe2ae7e3000-7fe2ae7e4000 rw-p 00018000 08:01 6558349                    /lib/x86_64-linux-gnu/libpthread-2.23.so
7fe2ae7e4000-7fe2ae7e8000 rw-p 00000000 00:00 0 
7fe2ae7e8000-7fe2ae80e000 r-xp 00000000 08:01 6558175                    /lib/x86_64-linux-gnu/ld-2.23.so
7fe2ae810000-7fe2ae8e9000 rw-p 00000000 00:00 0 
7fe2ae8e9000-7fe2ae8ec000 ---p 00000000 00:00 0 
7fe2ae8ec000-7fe2ae9ee000 rw-p 00000000 00:00 0 
7fe2ae9f2000-7fe2aea01000 r--s 000df000 08:01 792317                     /home/alan/Android/Sdk/build-tools/23.0.3/lib/dx.jar
7fe2aea01000-7fe2aea09000 rw-s 00000000 08:01 6431374                    /tmp/hsperfdata_alan/13482
7fe2aea09000-7fe2aea0a000 rw-p 00000000 00:00 0 
7fe2aea0a000-7fe2aea0b000 ---p 00000000 00:00 0 
7fe2aea0b000-7fe2aea0d000 rw-p 00000000 00:00 0 
7fe2aea0d000-7fe2aea0e000 r--p 00025000 08:01 6558175                    /lib/x86_64-linux-gnu/ld-2.23.so
7fe2aea0e000-7fe2aea0f000 rw-p 00026000 08:01 6558175                    /lib/x86_64-linux-gnu/ld-2.23.so
7fe2aea0f000-7fe2aea10000 rw-p 00000000 00:00 0 
7ffcae7e5000-7ffcae807000 rw-p 00000000 00:00 0                          [stack]
7ffcae9bd000-7ffcae9bf000 r--p 00000000 00:00 0                          [vvar]
7ffcae9bf000-7ffcae9c1000 r-xp 00000000 00:00 0                          [vdso]
ffffffffff600000-ffffffffff601000 r-xp 00000000 00:00 0                  [vsyscall]

VM Arguments:
jvm_args: -Djava.awt.headless=true -Xmx1024M -Dfile.encoding=UTF-8 -Duser.country=BR -Duser.language=pt -Duser.variant 
java_command: com.android.dx.command.Main --dex --force-jumbo --num-threads=4 --multi-dex --output /home/alan/AndroidStudioProjects/AS2/app/build/intermediates/transforms/dex/debug/folders/1000/10/com.android.support-appcompat-v7-23.4.0_8a9a3d88ce87e9372d8b39c34b577d85a6fd5bfc /home/alan/AndroidStudioProjects/AS2/app/build/intermediates/exploded-aar/com.android.support/appcompat-v7/23.4.0/jars/classes.jar
java_class_path (initial): /home/alan/Android/Sdk/build-tools/23.0.3/lib/dx.jar
Launcher Type: SUN_STANDARD

Environment Variables:
JAVA_HOME=/opt/jdk/jdk1.8.0_92/bin/java
PATH=/usr/local/sbin:/usr/local/bin:/usr/sbin:/usr/bin:/sbin:/bin:/usr/games:/usr/local/games:/snap/bin
LD_LIBRARY_PATH=/usr/local/android-studio/bin/.:
SHELL=/bin/bash
DISPLAY=:0

Signal Handlers:
SIGSEGV: [libjvm.so+0xabdee0], sa_mask[0]=11111111011111111101111111111110, sa_flags=SA_RESTART|SA_SIGINFO
SIGBUS: [libjvm.so+0xabdee0], sa_mask[0]=11111111011111111101111111111110, sa_flags=SA_RESTART|SA_SIGINFO
SIGFPE: [libjvm.so+0x91a580], sa_mask[0]=11111111011111111101111111111110, sa_flags=SA_RESTART|SA_SIGINFO
SIGPIPE: [libjvm.so+0x91a580], sa_mask[0]=11111111011111111101111111111110, sa_flags=SA_RESTART|SA_SIGINFO
SIGXFSZ: [libjvm.so+0x91a580], sa_mask[0]=11111111011111111101111111111110, sa_flags=SA_RESTART|SA_SIGINFO
SIGILL: [libjvm.so+0x91a580], sa_mask[0]=11111111011111111101111111111110, sa_flags=SA_RESTART|SA_SIGINFO
SIGUSR1: SIG_DFL, sa_mask[0]=00000000000000000000000000000000, sa_flags=none
SIGUSR2: [libjvm.so+0x91bbb0], sa_mask[0]=00100000000000000000000000000000, sa_flags=SA_RESTART|SA_SIGINFO
SIGHUP: [libjvm.so+0x91cfb0], sa_mask[0]=11111111011111111101111111111110, sa_flags=SA_RESTART|SA_SIGINFO
SIGINT: [libjvm.so+0x91cfb0], sa_mask[0]=11111111011111111101111111111110, sa_flags=SA_RESTART|SA_SIGINFO
SIGTERM: [libjvm.so+0x91cfb0], sa_mask[0]=11111111011111111101111111111110, sa_flags=SA_RESTART|SA_SIGINFO
SIGQUIT: [libjvm.so+0x91cfb0], sa_mask[0]=11111111011111111101111111111110, sa_flags=SA_RESTART|SA_SIGINFO


---------------  S Y S T E M  ---------------

OS:DISTRIB_ID=Ubuntu
DISTRIB_RELEASE=16.04
DISTRIB_CODENAME=xenial
DISTRIB_DESCRIPTION="Ubuntu 16.04 LTS"

uname:Linux 4.4.0-28-generic #47-Ubuntu SMP Fri Jun 24 10:09:13 UTC 2016 x86_64
libc:glibc 2.23 NPTL 2.23 
rlimit: STACK 8192k, CORE 0k, NPROC 15079, NOFILE 65536, AS infinity
load average:5,90 2,35 1,86

/proc/meminfo:
MemTotal:        3899020 kB
MemFree:          123428 kB
MemAvailable:      47536 kB
Buffers:            1156 kB
Cached:            58972 kB
SwapCached:        22344 kB
Active:          2397540 kB
Inactive:         693412 kB
Active(anon):    2377280 kB
Inactive(anon):   675048 kB
Active(file):      20260 kB
Inactive(file):    18364 kB
Unevictable:          48 kB
Mlocked:              48 kB
SwapTotal:       4042748 kB
SwapFree:              0 kB
Dirty:              1276 kB
Writeback:           184 kB
AnonPages:       3010884 kB
Mapped:            53380 kB
Shmem:             21764 kB
Slab:             100620 kB
SReclaimable:      44912 kB
SUnreclaim:        55708 kB
KernelStack:       14784 kB
PageTables:        66520 kB
NFS_Unstable:          0 kB
Bounce:                0 kB
WritebackTmp:          0 kB
CommitLimit:     5992256 kB
Committed_AS:   12803996 kB
VmallocTotal:   34359738367 kB
VmallocUsed:           0 kB
VmallocChunk:          0 kB
HardwareCorrupted:     0 kB
AnonHugePages:    942080 kB
CmaTotal:              0 kB
CmaFree:               0 kB
HugePages_Total:       0
HugePages_Free:        0
HugePages_Rsvd:        0
HugePages_Surp:        0
Hugepagesize:       2048 kB
DirectMap4k:     2836976 kB
DirectMap2M:     1208320 kB


CPU:total 4 (2 cores per cpu, 2 threads per core) family 6 model 37 stepping 5, cmov, cx8, fxsr, mmx, sse, sse2, sse3, ssse3, sse4.1, sse4.2, popcnt, ht, tsc, tscinvbit

/proc/cpuinfo:
processor	: 0
vendor_id	: GenuineIntel
cpu family	: 6
model		: 37
model name	: Intel(R) Core(TM) i3 CPU       M 370  @ 2.40GHz
stepping	: 5
microcode	: 0x4
cpu MHz		: 2399.000
cache size	: 3072 KB
physical id	: 0
siblings	: 4
core id		: 0
cpu cores	: 2
apicid		: 0
initial apicid	: 0
fpu		: yes
fpu_exception	: yes
cpuid level	: 11
wp		: yes
flags		: fpu vme de pse tsc msr pae mce cx8 apic sep mtrr pge mca cmov pat pse36 clflush dts acpi mmx fxsr sse sse2 ss ht tm pbe syscall nx rdtscp lm constant_tsc arch_perfmon pebs bts rep_good nopl xtopology nonstop_tsc aperfmperf pni dtes64 monitor ds_cpl vmx est tm2 ssse3 cx16 xtpr pdcm pcid sse4_1 sse4_2 popcnt lahf_lm tpr_shadow vnmi flexpriority ept vpid dtherm arat
bugs		:
bogomips	: 4788.81
clflush size	: 64
cache_alignment	: 64
address sizes	: 36 bits physical, 48 bits virtual
power management:

processor	: 1
vendor_id	: GenuineIntel
cpu family	: 6
model		: 37
model name	: Intel(R) Core(TM) i3 CPU       M 370  @ 2.40GHz
stepping	: 5
microcode	: 0x4
cpu MHz		: 2399.000
cache size	: 3072 KB
physical id	: 0
siblings	: 4
core id		: 2
cpu cores	: 2
apicid		: 4
initial apicid	: 4
fpu		: yes
fpu_exception	: yes
cpuid level	: 11
wp		: yes
flags		: fpu vme de pse tsc msr pae mce cx8 apic sep mtrr pge mca cmov pat pse36 clflush dts acpi mmx fxsr sse sse2 ss ht tm pbe syscall nx rdtscp lm constant_tsc arch_perfmon pebs bts rep_good nopl xtopology nonstop_tsc aperfmperf pni dtes64 monitor ds_cpl vmx est tm2 ssse3 cx16 xtpr pdcm pcid sse4_1 sse4_2 popcnt lahf_lm tpr_shadow vnmi flexpriority ept vpid dtherm arat
bugs		:
bogomips	: 4788.81
clflush size	: 64
cache_alignment	: 64
address sizes	: 36 bits physical, 48 bits virtual
power management:

processor	: 2
vendor_id	: GenuineIntel
cpu family	: 6
model		: 37
model name	: Intel(R) Core(TM) i3 CPU       M 370  @ 2.40GHz
stepping	: 5
microcode	: 0x4
cpu MHz		: 2399.000
cache size	: 3072 KB
physical id	: 0
siblings	: 4
core id		: 0
cpu cores	: 2
apicid		: 1
initial apicid	: 1
fpu		: yes
fpu_exception	: yes
cpuid level	: 11
wp		: yes
flags		: fpu vme de pse tsc msr pae mce cx8 apic sep mtrr pge mca cmov pat pse36 clflush dts acpi mmx fxsr sse sse2 ss ht tm pbe syscall nx rdtscp lm constant_tsc arch_perfmon pebs bts rep_good nopl xtopology nonstop_tsc aperfmperf pni dtes64 monitor ds_cpl vmx est tm2 ssse3 cx16 xtpr pdcm pcid sse4_1 sse4_2 popcnt lahf_lm tpr_shadow vnmi flexpriority ept vpid dtherm arat
bugs		:
bogomips	: 4788.81
clflush size	: 64
cache_alignment	: 64
address sizes	: 36 bits physical, 48 bits virtual
power management:

processor	: 3
vendor_id	: GenuineIntel
cpu family	: 6
model		: 37
model name	: Intel(R) Core(TM) i3 CPU       M 370  @ 2.40GHz
stepping	: 5
microcode	: 0x4
cpu MHz		: 2399.000
cache size	: 3072 KB
physical id	: 0
siblings	: 4
core id		: 2
cpu cores	: 2
apicid		: 5
initial apicid	: 5
fpu		: yes
fpu_exception	: yes
cpuid level	: 11
wp		: yes
flags		: fpu vme de pse tsc msr pae mce cx8 apic sep mtrr pge mca cmov pat pse36 clflush dts acpi mmx fxsr sse sse2 ss ht tm pbe syscall nx rdtscp lm constant_tsc arch_perfmon pebs bts rep_good nopl xtopology nonstop_tsc aperfmperf pni dtes64 monitor ds_cpl vmx est tm2 ssse3 cx16 xtpr pdcm pcid sse4_1 sse4_2 popcnt lahf_lm tpr_shadow vnmi flexpriority ept vpid dtherm arat
bugs		:
bogomips	: 4788.81
clflush size	: 64
cache_alignment	: 64
address sizes	: 36 bits physical, 48 bits virtual
power management:



Memory: 4k page, physical 3899020k(123428k free), swap 4042748k(0k free)

vm_info: Java HotSpot(TM) 64-Bit Server VM (25.92-b14) for linux-amd64 JRE (1.8.0_92-b14), built on Mar 31 2016 21:08:29 by "java_re" with gcc 4.3.0 20080428 (Red Hat 4.3.0-8)

time: Wed Jul 13 20:36:17 2016
elapsed time: 15 seconds (0d 0h 0m 15s)

